<?xml version="1.0" encoding="UTF-8"?>
<!-- Generated by org.testng.reporters.JUnitReportReporter -->
<testsuite skipped="0" hostname="DESKTOP-KFC89GU" name="End2End.CrosBrowser.e2eTest" tests="2" failures="0" timestamp="2021-05-08T15:59:58 EDT" time="2.607" errors="0">
  <testcase name="LoginFacebook" time="1.326" classname="End2End.CrosBrowser.e2eTest"/>
  <system-out/>
  <testcase name="LoginFacebook" time="1.281" classname="End2End.CrosBrowser.e2eTest"/>
  <system-out/>
</testsuite> <!-- End2End.CrosBrowser.e2eTest -->
